<?xml version="1.0" encoding="UTF-8"?>
<!-- Generated by org.testng.reporters.JUnitXMLReporter -->
<testsuite ignored="0" hostname="DESKTOP-670C4DQ" failures="0" tests="1" name="Surefire test" time="0.043" errors="0" timestamp="2021-01-20T18:31:29 CST">
  <testcase classname="Selframe.Framework.Test1" name="@BeforeMethod BasePageNavigation" time="-1.611189089309E9">
    <failure type="org.testng.TestNGException" message="
Parameter &amp;apos;url&amp;apos; is required by BeforeMethod on method BasePageNavigation but has not been marked @Optional or defined
">
      <![CDATA[org.testng.TestNGException: 
Parameter 'url' is required by BeforeMethod on method BasePageNavigation but has not been marked @Optional or defined

at java.base/java.util.ArrayList.forEach(ArrayList.java:1511)
... Removed 33 stack frames]]>
    </failure>
  </testcase> <!-- @BeforeMethod BasePageNavigation -->
  <testcase classname="Selframe.Framework.Test1" name="SignInPage" time="0.0">
    <skipped/>
  </testcase> <!-- SignInPage -->
</testsuite> <!-- Surefire test -->
